This is pdfTeX, Version 3.14159265-2.6-1.40.16 (TeX Live 2015/Debian) (preloaded format=pdflatex 2016.8.26)  14 SEP 2016 13:23
entering extended mode
 restricted \write18 enabled.
 %&-line parsing enabled.
**tfgVRG.tex
(./tfgVRG.tex
LaTeX2e <2016/02/01>
Babel <3.9q> and hyphenation patterns for 81 language(s) loaded.
(/usr/share/texlive/texmf-dist/tex/latex/base/article.cls
Document Class: article 2014/09/29 v1.4h Standard LaTeX document class
(/usr/share/texlive/texmf-dist/tex/latex/base/size12.clo
File: size12.clo 2014/09/29 v1.4h Standard LaTeX file (size option)
)
\c@part=\count79
\c@section=\count80
\c@subsection=\count81
\c@subsubsection=\count82
\c@paragraph=\count83
\c@subparagraph=\count84
\c@figure=\count85
\c@table=\count86
\abovecaptionskip=\skip41
\belowcaptionskip=\skip42
\bibindent=\dimen102
)
(/usr/share/texlive/texmf-dist/tex/generic/babel/babel.sty
Package: babel 2016/02/24 3.9q The Babel package

(/usr/share/texlive/texmf-dist/tex/generic/babel-english/english.ldf
Language: english 2012/08/20 v3.3p English support from the babel system

(/usr/share/texlive/texmf-dist/tex/generic/babel/babel.def
File: babel.def 2016/02/24 3.9q Babel common definitions
\babel@savecnt=\count87
\U@D=\dimen103
)
\l@canadian = a dialect from \language\l@american 
\l@australian = a dialect from \language\l@british 
\l@newzealand = a dialect from \language\l@british 
)
(/usr/share/texlive/texmf-dist/tex/generic/babel-spanish/spanish.ldf
Language: spanish.ldf 2016/01/15 v5.0o Spanish support from the babel system
\es@quottoks=\toks14
\es@quotdepth=\count88
Package babel Info: Making " an active character on input line 533.
Package babel Info: Making . an active character on input line 634.
Package babel Info: Making < an active character on input line 679.
Package babel Info: Making > an active character on input line 679.
))
(/usr/share/texlive/texmf-dist/tex/latex/base/inputenc.sty
Package: inputenc 2015/03/17 v1.2c Input encoding file
\inpenc@prehook=\toks15
\inpenc@posthook=\toks16

(/usr/share/texlive/texmf-dist/tex/latex/ucs/utf8x.def
File: utf8x.def 2004/10/17 UCS: Input encoding UTF-8
))
(/usr/share/texlive/texmf-dist/tex/latex/ucs/ucs.sty
Package: ucs 2013/05/11 v2.2 UCS: Unicode input support

(/usr/share/texlive/texmf-dist/tex/latex/ucs/data/uni-global.def
File: uni-global.def 2013/05/13 UCS: Unicode global data
)
\uc@secondtry=\count89
\uc@combtoks=\toks17
\uc@combtoksb=\toks18
\uc@temptokena=\toks19
)
(/usr/share/texlive/texmf-dist/tex/latex/amsmath/amsmath.sty
Package: amsmath 2016/03/03 v2.15a AMS math features
\@mathmargin=\skip43

For additional information on amsmath, use the `?' option.
(/usr/share/texlive/texmf-dist/tex/latex/amsmath/amstext.sty
Package: amstext 2000/06/29 v2.01 AMS text

(/usr/share/texlive/texmf-dist/tex/latex/amsmath/amsgen.sty
File: amsgen.sty 1999/11/30 v2.0 generic functions
\@emptytoks=\toks20
\ex@=\dimen104
))
(/usr/share/texlive/texmf-dist/tex/latex/amsmath/amsbsy.sty
Package: amsbsy 1999/11/29 v1.2d Bold Symbols
\pmbraise@=\dimen105
)
(/usr/share/texlive/texmf-dist/tex/latex/amsmath/amsopn.sty
Package: amsopn 1999/12/14 v2.01 operator names
)
\inf@bad=\count90
LaTeX Info: Redefining \frac on input line 199.
\uproot@=\count91
\leftroot@=\count92
LaTeX Info: Redefining \overline on input line 297.
\classnum@=\count93
\DOTSCASE@=\count94
LaTeX Info: Redefining \ldots on input line 394.
LaTeX Info: Redefining \dots on input line 397.
LaTeX Info: Redefining \cdots on input line 518.
\Mathstrutbox@=\box26
\strutbox@=\box27
\big@size=\dimen106
LaTeX Font Info:    Redeclaring font encoding OML on input line 630.
LaTeX Font Info:    Redeclaring font encoding OMS on input line 631.
\macc@depth=\count95
\c@MaxMatrixCols=\count96
\dotsspace@=\muskip10
\c@parentequation=\count97
\dspbrk@lvl=\count98
\tag@help=\toks21
\row@=\count99
\column@=\count100
\maxfields@=\count101
\andhelp@=\toks22
\eqnshift@=\dimen107
\alignsep@=\dimen108
\tagshift@=\dimen109
\tagwidth@=\dimen110
\totwidth@=\dimen111
\lineht@=\dimen112
\@envbody=\toks23
\multlinegap=\skip44
\multlinetaggap=\skip45
\mathdisplay@stack=\toks24
LaTeX Info: Redefining \[ on input line 2735.
LaTeX Info: Redefining \] on input line 2736.
)
(/usr/share/texlive/texmf-dist/tex/latex/amsfonts/amsfonts.sty
Package: amsfonts 2013/01/14 v3.01 Basic AMSFonts support
\symAMSa=\mathgroup4
\symAMSb=\mathgroup5
LaTeX Font Info:    Overwriting math alphabet `\mathfrak' in version `bold'
(Font)                  U/euf/m/n --> U/euf/b/n on input line 106.
)
(/usr/share/texlive/texmf-dist/tex/latex/graphics/graphicx.sty
Package: graphicx 2014/10/28 v1.0g Enhanced LaTeX Graphics (DPC,SPQR)

(/usr/share/texlive/texmf-dist/tex/latex/graphics/keyval.sty
Package: keyval 2014/10/28 v1.15 key=value parser (DPC)
\KV@toks@=\toks25
)
(/usr/share/texlive/texmf-dist/tex/latex/graphics/graphics.sty
Package: graphics 2016/01/03 v1.0q Standard LaTeX Graphics (DPC,SPQR)

(/usr/share/texlive/texmf-dist/tex/latex/graphics/trig.sty
Package: trig 2016/01/03 v1.10 sin cos tan (DPC)
)
(/usr/share/texlive/texmf-dist/tex/latex/latexconfig/graphics.cfg
File: graphics.cfg 2010/04/23 v1.9 graphics configuration of TeX Live
)
Package graphics Info: Driver file: pdftex.def on input line 95.

(/usr/share/texlive/texmf-dist/tex/latex/pdftex-def/pdftex.def
File: pdftex.def 2011/05/27 v0.06d Graphics/color for pdfTeX

(/usr/share/texlive/texmf-dist/tex/generic/oberdiek/infwarerr.sty
Package: infwarerr 2010/04/08 v1.3 Providing info/warning/error messages (HO)
)
(/usr/share/texlive/texmf-dist/tex/generic/oberdiek/ltxcmds.sty
Package: ltxcmds 2011/11/09 v1.22 LaTeX kernel commands for general use (HO)
)
\Gread@gobject=\count102
))
\Gin@req@height=\dimen113
\Gin@req@width=\dimen114
)
(/usr/share/texlive/texmf-dist/tex/latex/todonotes/todonotes.sty
Package: todonotes 2015/07/09 .dtx Todonotes source and documentation.
Package: todonotes 2012/07/25

(/usr/share/texlive/texmf-dist/tex/latex/base/ifthen.sty
Package: ifthen 2014/09/29 v1.1c Standard LaTeX ifthen package (DPC)
)
(/usr/share/texlive/texmf-dist/tex/latex/xkeyval/xkeyval.sty
Package: xkeyval 2014/12/03 v2.7a package option processing (HA)

(/usr/share/texlive/texmf-dist/tex/generic/xkeyval/xkeyval.tex
(/usr/share/texlive/texmf-dist/tex/generic/xkeyval/xkvutils.tex
\XKV@toks=\toks26
\XKV@tempa@toks=\toks27
)
\XKV@depth=\count103
File: xkeyval.tex 2014/12/03 v2.7a key=value parser (HA)
))
(/usr/share/texmf/tex/latex/xcolor/xcolor.sty
Package: xcolor 2007/01/21 v2.11 LaTeX color extensions (UK)

(/usr/share/texlive/texmf-dist/tex/latex/latexconfig/color.cfg
File: color.cfg 2007/01/18 v1.5 color configuration of teTeX/TeXLive
)
Package xcolor Info: Driver file: pdftex.def on input line 225.
Package xcolor Info: Model `cmy' substituted by `cmy0' on input line 1337.
Package xcolor Info: Model `hsb' substituted by `rgb' on input line 1341.
Package xcolor Info: Model `RGB' extended on input line 1353.
Package xcolor Info: Model `HTML' substituted by `rgb' on input line 1355.
Package xcolor Info: Model `Hsb' substituted by `hsb' on input line 1356.
Package xcolor Info: Model `tHsb' substituted by `hsb' on input line 1357.
Package xcolor Info: Model `HSB' substituted by `hsb' on input line 1358.
Package xcolor Info: Model `Gray' substituted by `gray' on input line 1359.
Package xcolor Info: Model `wave' substituted by `hsb' on input line 1360.
)
(/usr/share/texmf/tex/latex/pgf/frontendlayer/tikz.sty
(/usr/share/texmf/tex/latex/pgf/basiclayer/pgf.sty
(/usr/share/texmf/tex/latex/pgf/utilities/pgfrcs.sty
(/usr/share/texmf/tex/generic/pgf/utilities/pgfutil-common.tex
\pgfutil@everybye=\toks28
)
(/usr/share/texmf/tex/generic/pgf/utilities/pgfutil-latex.def
\pgfutil@abb=\box28

(/usr/share/texlive/texmf-dist/tex/latex/ms/everyshi.sty
Package: everyshi 2001/05/15 v3.00 EveryShipout Package (MS)
))
(/usr/share/texmf/tex/generic/pgf/utilities/pgfrcs.code.tex
Package: pgfrcs 2010/10/25 v2.10 (rcs-revision 1.24)
))
Package: pgf 2008/01/15 v2.10 (rcs-revision 1.12)

(/usr/share/texmf/tex/latex/pgf/basiclayer/pgfcore.sty
(/usr/share/texmf/tex/latex/pgf/systemlayer/pgfsys.sty
(/usr/share/texmf/tex/generic/pgf/systemlayer/pgfsys.code.tex
Package: pgfsys 2010/06/30 v2.10 (rcs-revision 1.37)

(/usr/share/texmf/tex/generic/pgf/utilities/pgfkeys.code.tex
\pgfkeys@pathtoks=\toks29
\pgfkeys@temptoks=\toks30

(/usr/share/texmf/tex/generic/pgf/utilities/pgfkeysfiltered.code.tex
\pgfkeys@tmptoks=\toks31
))
\pgf@x=\dimen115
\pgf@y=\dimen116
\pgf@xa=\dimen117
\pgf@ya=\dimen118
\pgf@xb=\dimen119
\pgf@yb=\dimen120
\pgf@xc=\dimen121
\pgf@yc=\dimen122
\w@pgf@writea=\write3
\r@pgf@reada=\read1
\c@pgf@counta=\count104
\c@pgf@countb=\count105
\c@pgf@countc=\count106
\c@pgf@countd=\count107

(/usr/share/texmf/tex/generic/pgf/systemlayer/pgf.cfg
File: pgf.cfg 2008/05/14  (rcs-revision 1.7)
)
Package pgfsys Info: Driver file for pgf: pgfsys-pdftex.def on input line 900.

(/usr/share/texmf/tex/generic/pgf/systemlayer/pgfsys-pdftex.def
File: pgfsys-pdftex.def 2009/05/22  (rcs-revision 1.26)

(/usr/share/texmf/tex/generic/pgf/systemlayer/pgfsys-common-pdf.def
File: pgfsys-common-pdf.def 2008/05/19  (rcs-revision 1.10)
)))
(/usr/share/texmf/tex/generic/pgf/systemlayer/pgfsyssoftpath.code.tex
File: pgfsyssoftpath.code.tex 2008/07/18  (rcs-revision 1.7)
\pgfsyssoftpath@smallbuffer@items=\count108
\pgfsyssoftpath@bigbuffer@items=\count109
)
(/usr/share/texmf/tex/generic/pgf/systemlayer/pgfsysprotocol.code.tex
File: pgfsysprotocol.code.tex 2006/10/16  (rcs-revision 1.4)
))
(/usr/share/texmf/tex/generic/pgf/basiclayer/pgfcore.code.tex
Package: pgfcore 2010/04/11 v2.10 (rcs-revision 1.7)

(/usr/share/texmf/tex/generic/pgf/math/pgfmath.code.tex
(/usr/share/texmf/tex/generic/pgf/math/pgfmathcalc.code.tex
(/usr/share/texmf/tex/generic/pgf/math/pgfmathutil.code.tex)
(/usr/share/texmf/tex/generic/pgf/math/pgfmathparser.code.tex
\pgfmath@dimen=\dimen123
\pgfmath@count=\count110
\pgfmath@box=\box29
\pgfmath@toks=\toks32
\pgfmath@stack@operand=\toks33
\pgfmath@stack@operation=\toks34
)
(/usr/share/texmf/tex/generic/pgf/math/pgfmathfunctions.code.tex
(/usr/share/texmf/tex/generic/pgf/math/pgfmathfunctions.basic.code.tex)
(/usr/share/texmf/tex/generic/pgf/math/pgfmathfunctions.trigonometric.code.tex)
(/usr/share/texmf/tex/generic/pgf/math/pgfmathfunctions.random.code.tex)
(/usr/share/texmf/tex/generic/pgf/math/pgfmathfunctions.comparison.code.tex)
(/usr/share/texmf/tex/generic/pgf/math/pgfmathfunctions.base.code.tex)
(/usr/share/texmf/tex/generic/pgf/math/pgfmathfunctions.round.code.tex)
(/usr/share/texmf/tex/generic/pgf/math/pgfmathfunctions.misc.code.tex)))
(/usr/share/texmf/tex/generic/pgf/math/pgfmathfloat.code.tex
\c@pgfmathroundto@lastzeros=\count111
))
(/usr/share/texmf/tex/generic/pgf/basiclayer/pgfcorepoints.code.tex
File: pgfcorepoints.code.tex 2010/04/09  (rcs-revision 1.20)
\pgf@picminx=\dimen124
\pgf@picmaxx=\dimen125
\pgf@picminy=\dimen126
\pgf@picmaxy=\dimen127
\pgf@pathminx=\dimen128
\pgf@pathmaxx=\dimen129
\pgf@pathminy=\dimen130
\pgf@pathmaxy=\dimen131
\pgf@xx=\dimen132
\pgf@xy=\dimen133
\pgf@yx=\dimen134
\pgf@yy=\dimen135
\pgf@zx=\dimen136
\pgf@zy=\dimen137
)
(/usr/share/texmf/tex/generic/pgf/basiclayer/pgfcorepathconstruct.code.tex
File: pgfcorepathconstruct.code.tex 2010/08/03  (rcs-revision 1.24)
\pgf@path@lastx=\dimen138
\pgf@path@lasty=\dimen139
)
(/usr/share/texmf/tex/generic/pgf/basiclayer/pgfcorepathusage.code.tex
File: pgfcorepathusage.code.tex 2008/04/22  (rcs-revision 1.12)
\pgf@shorten@end@additional=\dimen140
\pgf@shorten@start@additional=\dimen141
)
(/usr/share/texmf/tex/generic/pgf/basiclayer/pgfcorescopes.code.tex
File: pgfcorescopes.code.tex 2010/09/08  (rcs-revision 1.34)
\pgfpic=\box30
\pgf@hbox=\box31
\pgf@layerbox@main=\box32
\pgf@picture@serial@count=\count112
)
(/usr/share/texmf/tex/generic/pgf/basiclayer/pgfcoregraphicstate.code.tex
File: pgfcoregraphicstate.code.tex 2008/04/22  (rcs-revision 1.9)
\pgflinewidth=\dimen142
)
(/usr/share/texmf/tex/generic/pgf/basiclayer/pgfcoretransformations.code.tex
File: pgfcoretransformations.code.tex 2009/06/10  (rcs-revision 1.11)
\pgf@pt@x=\dimen143
\pgf@pt@y=\dimen144
\pgf@pt@temp=\dimen145
)
(/usr/share/texmf/tex/generic/pgf/basiclayer/pgfcorequick.code.tex
File: pgfcorequick.code.tex 2008/10/09  (rcs-revision 1.3)
)
(/usr/share/texmf/tex/generic/pgf/basiclayer/pgfcoreobjects.code.tex
File: pgfcoreobjects.code.tex 2006/10/11  (rcs-revision 1.2)
)
(/usr/share/texmf/tex/generic/pgf/basiclayer/pgfcorepathprocessing.code.tex
File: pgfcorepathprocessing.code.tex 2008/10/09  (rcs-revision 1.8)
)
(/usr/share/texmf/tex/generic/pgf/basiclayer/pgfcorearrows.code.tex
File: pgfcorearrows.code.tex 2008/04/23  (rcs-revision 1.11)
)
(/usr/share/texmf/tex/generic/pgf/basiclayer/pgfcoreshade.code.tex
File: pgfcoreshade.code.tex 2008/11/23  (rcs-revision 1.13)
\pgf@max=\dimen146
\pgf@sys@shading@range@num=\count113
)
(/usr/share/texmf/tex/generic/pgf/basiclayer/pgfcoreimage.code.tex
File: pgfcoreimage.code.tex 2010/03/25  (rcs-revision 1.16)

(/usr/share/texmf/tex/generic/pgf/basiclayer/pgfcoreexternal.code.tex
File: pgfcoreexternal.code.tex 2010/09/01  (rcs-revision 1.17)
\pgfexternal@startupbox=\box33
))
(/usr/share/texmf/tex/generic/pgf/basiclayer/pgfcorelayers.code.tex
File: pgfcorelayers.code.tex 2010/08/27  (rcs-revision 1.2)
)
(/usr/share/texmf/tex/generic/pgf/basiclayer/pgfcoretransparency.code.tex
File: pgfcoretransparency.code.tex 2008/01/17  (rcs-revision 1.2)
)
(/usr/share/texmf/tex/generic/pgf/basiclayer/pgfcorepatterns.code.tex
File: pgfcorepatterns.code.tex 2009/07/02  (rcs-revision 1.3)
)))
(/usr/share/texmf/tex/generic/pgf/modules/pgfmoduleshapes.code.tex
File: pgfmoduleshapes.code.tex 2010/09/09  (rcs-revision 1.13)
\pgfnodeparttextbox=\box34
)
(/usr/share/texmf/tex/generic/pgf/modules/pgfmoduleplot.code.tex
File: pgfmoduleplot.code.tex 2010/10/22  (rcs-revision 1.8)
)
(/usr/share/texmf/tex/latex/pgf/compatibility/pgfcomp-version-0-65.sty
Package: pgfcomp-version-0-65 2007/07/03 v2.10 (rcs-revision 1.7)
\pgf@nodesepstart=\dimen147
\pgf@nodesepend=\dimen148
)
(/usr/share/texmf/tex/latex/pgf/compatibility/pgfcomp-version-1-18.sty
Package: pgfcomp-version-1-18 2007/07/23 v2.10 (rcs-revision 1.1)
))
(/usr/share/texmf/tex/latex/pgf/utilities/pgffor.sty
(/usr/share/texmf/tex/latex/pgf/utilities/pgfkeys.sty
(/usr/share/texmf/tex/generic/pgf/utilities/pgfkeys.code.tex))
(/usr/share/texmf/tex/generic/pgf/utilities/pgffor.code.tex
Package: pgffor 2010/03/23 v2.10 (rcs-revision 1.18)
\pgffor@iter=\dimen149
\pgffor@skip=\dimen150
\pgffor@stack=\toks35
\pgffor@toks=\toks36
))
(/usr/share/texmf/tex/generic/pgf/frontendlayer/tikz/tikz.code.tex
Package: tikz 2010/10/13 v2.10 (rcs-revision 1.76)

(/usr/share/texmf/tex/generic/pgf/libraries/pgflibraryplothandlers.code.tex
File: pgflibraryplothandlers.code.tex 2010/05/31 v2.10 (rcs-revision 1.15)
\pgf@plot@mark@count=\count114
\pgfplotmarksize=\dimen151
)
\tikz@lastx=\dimen152
\tikz@lasty=\dimen153
\tikz@lastxsaved=\dimen154
\tikz@lastysaved=\dimen155
\tikzleveldistance=\dimen156
\tikzsiblingdistance=\dimen157
\tikz@figbox=\box35
\tikz@tempbox=\box36
\tikztreelevel=\count115
\tikznumberofchildren=\count116
\tikznumberofcurrentchild=\count117
\tikz@fig@count=\count118

(/usr/share/texmf/tex/generic/pgf/modules/pgfmodulematrix.code.tex
File: pgfmodulematrix.code.tex 2010/08/24  (rcs-revision 1.4)
\pgfmatrixcurrentrow=\count119
\pgfmatrixcurrentcolumn=\count120
\pgf@matrix@numberofcolumns=\count121
)
\tikz@expandcount=\count122

(/usr/share/texmf/tex/generic/pgf/frontendlayer/tikz/libraries/tikzlibrarytopat
hs.code.tex
File: tikzlibrarytopaths.code.tex 2008/06/17 v2.10 (rcs-revision 1.2)
)))
(/usr/share/texmf/tex/generic/pgf/frontendlayer/tikz/libraries/tikzlibraryposit
ioning.code.tex
File: tikzlibrarypositioning.code.tex 2008/10/06 v2.10 (rcs-revision 1.7)
) (/usr/share/texlive/texmf-dist/tex/latex/tools/calc.sty
Package: calc 2014/10/28 v4.3 Infix arithmetic (KKT,FJ)
\calc@Acount=\count123
\calc@Bcount=\count124
\calc@Adimen=\dimen158
\calc@Bdimen=\dimen159
\calc@Askip=\skip46
\calc@Bskip=\skip47
LaTeX Info: Redefining \setlength on input line 80.
LaTeX Info: Redefining \addtolength on input line 81.
\calc@Ccount=\count125
\calc@Cskip=\skip48
)
\c@@todonotes@numberoftodonotes=\count126
)
(/usr/share/texlive/texmf-dist/tex/latex/placeins/placeins.sty
Package: placeins 2005/04/18  v 2.2
) (./tfgVRG.aux
LaTeX Info: Redefining \. on input line 6.
LaTeX Info: Redefining \% on input line 6.
LaTeX Info: Redefining \. on input line 14.
LaTeX Info: Redefining \% on input line 14.
)
\openout1 = `tfgVRG.aux'.

LaTeX Font Info:    Checking defaults for OML/cmm/m/it on input line 44.
LaTeX Font Info:    ... okay on input line 44.
LaTeX Font Info:    Checking defaults for T1/cmr/m/n on input line 44.
LaTeX Font Info:    ... okay on input line 44.
LaTeX Font Info:    Checking defaults for OT1/cmr/m/n on input line 44.
LaTeX Font Info:    ... okay on input line 44.
LaTeX Font Info:    Checking defaults for OMS/cmsy/m/n on input line 44.
LaTeX Font Info:    ... okay on input line 44.
LaTeX Font Info:    Checking defaults for OMX/cmex/m/n on input line 44.
LaTeX Font Info:    ... okay on input line 44.
LaTeX Font Info:    Checking defaults for U/cmr/m/n on input line 44.
LaTeX Font Info:    ... okay on input line 44.
LaTeX Info: Redefining \. on input line 44.
LaTeX Info: Redefining \% on input line 44.

(/usr/share/texlive/texmf-dist/tex/latex/ucs/ucsencs.def
File: ucsencs.def 2011/01/21 Fixes to fontencodings LGR, T3
)
(/usr/share/texlive/texmf-dist/tex/context/base/supp-pdf.mkii
[Loading MPS to PDF converter (version 2006.09.02).]
\scratchcounter=\count127
\scratchdimen=\dimen160
\scratchbox=\box37
\nofMPsegments=\count128
\nofMParguments=\count129
\everyMPshowfont=\toks37
\MPscratchCnt=\count130
\MPscratchDim=\dimen161
\MPnumerator=\count131
\makeMPintoPDFobject=\count132
\everyMPtoPDFconversion=\toks38
) (/usr/share/texlive/texmf-dist/tex/generic/oberdiek/pdftexcmds.sty
Package: pdftexcmds 2011/11/29 v0.20 Utility functions of pdfTeX for LuaTeX (HO
)

(/usr/share/texlive/texmf-dist/tex/generic/oberdiek/ifluatex.sty
Package: ifluatex 2010/03/01 v1.3 Provides the ifluatex switch (HO)
Package ifluatex Info: LuaTeX not detected.
)
(/usr/share/texlive/texmf-dist/tex/generic/oberdiek/ifpdf.sty
Package: ifpdf 2011/01/30 v2.3 Provides the ifpdf switch (HO)
Package ifpdf Info: pdfTeX in PDF mode is detected.
)
Package pdftexcmds Info: LuaTeX not detected.
Package pdftexcmds Info: \pdf@primitive is available.
Package pdftexcmds Info: \pdf@ifprimitive is available.
Package pdftexcmds Info: \pdfdraftmode found.
)
(/usr/share/texlive/texmf-dist/tex/latex/oberdiek/epstopdf-base.sty
Package: epstopdf-base 2010/02/09 v2.5 Base part for package epstopdf

(/usr/share/texlive/texmf-dist/tex/latex/oberdiek/grfext.sty
Package: grfext 2010/08/19 v1.1 Manage graphics extensions (HO)

(/usr/share/texlive/texmf-dist/tex/generic/oberdiek/kvdefinekeys.sty
Package: kvdefinekeys 2011/04/07 v1.3 Define keys (HO)
))
(/usr/share/texlive/texmf-dist/tex/latex/oberdiek/kvoptions.sty
Package: kvoptions 2011/06/30 v3.11 Key value format for package options (HO)

(/usr/share/texlive/texmf-dist/tex/generic/oberdiek/kvsetkeys.sty
Package: kvsetkeys 2012/04/25 v1.16 Key value parser (HO)

(/usr/share/texlive/texmf-dist/tex/generic/oberdiek/etexcmds.sty
Package: etexcmds 2011/02/16 v1.5 Avoid name clashes with e-TeX commands (HO)
Package etexcmds Info: Could not find \expanded.
(etexcmds)             That can mean that you are not using pdfTeX 1.50 or
(etexcmds)             that some package has redefined \expanded.
(etexcmds)             In the latter case, load this package earlier.
)))
Package grfext Info: Graphics extension search list:
(grfext)             [.png,.pdf,.jpg,.mps,.jpeg,.jbig2,.jb2,.PNG,.PDF,.JPG,.JPE
G,.JBIG2,.JB2,.eps]
(grfext)             \AppendGraphicsExtensions on input line 452.

(/usr/share/texlive/texmf-dist/tex/latex/latexconfig/epstopdf-sys.cfg
File: epstopdf-sys.cfg 2010/07/13 v1.3 Configuration of (r)epstopdf for TeX Liv
e
))
ABD: EveryShipout initializing macros
<images/ucmLogo.png, id=4, 312.9291pt x 290.0436pt>
File: images/ucmLogo.png Graphic file (type png)
 <use images/ucmLogo.png>
Package pdftex.def Info: images/ucmLogo.png used on input line 60.
(pdftex.def)             Requested size: 312.92831pt x 290.04288pt.

(/usr/share/texlive/texmf-dist/tex/latex/ucs/data/uni-0.def
File: uni-0.def 2013/05/13 UCS: Unicode data U+0000..U+00FF
)
LaTeX Font Info:    Try loading font information for U+msa on input line 82.

(/usr/share/texlive/texmf-dist/tex/latex/amsfonts/umsa.fd
File: umsa.fd 2013/01/14 v3.01 AMS symbols A
)
LaTeX Font Info:    Try loading font information for U+msb on input line 82.

(/usr/share/texlive/texmf-dist/tex/latex/amsfonts/umsb.fd
File: umsb.fd 2013/01/14 v3.01 AMS symbols B
) [1

{/var/lib/texmf/fonts/map/pdftex/updmap/pdftex.map} <./images/ucmLogo.png>]
Underfull \hbox (badness 10000) in paragraph at lines 104--108

 []


Underfull \hbox (badness 10000) in paragraph at lines 113--117

 []

LaTeX Info: Redefining \. on input line 118.
LaTeX Info: Redefining \% on input line 118.
(./tfgVRG.toc
LaTeX Info: Redefining \. on input line 1.
LaTeX Info: Redefining \% on input line 1.
LaTeX Info: Redefining \. on input line 3.
LaTeX Info: Redefining \% on input line 3.
 [1] [2])
\tf@toc=\write4
\openout4 = `tfgVRG.toc'.

 [3] [4] [5]
<images/ccd_and_cmos_sensors_210w.png, id=33, 421.575pt x 161.60374pt>
File: images/ccd_and_cmos_sensors_210w.png Graphic file (type png)

<use images/ccd_and_cmos_sensors_210w.png>
Package pdftex.def Info: images/ccd_and_cmos_sensors_210w.png used on input lin
e 165.
(pdftex.def)             Requested size: 195.0pt x 74.75041pt.

<images/irfiltwheel_Hubble.jpg, id=34, 496.85625pt x 393.47pt>
File: images/irfiltwheel_Hubble.jpg Graphic file (type jpg)

<use images/irfiltwheel_Hubble.jpg>
Package pdftex.def Info: images/irfiltwheel_Hubble.jpg used on input line 174.
(pdftex.def)             Requested size: 97.5pt x 77.20964pt.

<images/Chandra-Compo-Images.jpg, id=35, 1541.76pt x 552.0625pt>
File: images/Chandra-Compo-Images.jpg Graphic file (type jpg)

<use images/Chandra-Compo-Images.jpg>
Package pdftex.def Info: images/Chandra-Compo-Images.jpg used on input line 179
.
(pdftex.def)             Requested size: 195.0pt x 69.81631pt.

<images/Chandra-Composed-Images.jpg, id=36, 514.92375pt x 516.93124pt>
File: images/Chandra-Composed-Images.jpg Graphic file (type jpg)

<use images/Chandra-Composed-Images.jpg>
Package pdftex.def Info: images/Chandra-Composed-Images.jpg used on input line 
184.
(pdftex.def)             Requested size: 97.5pt x 97.87878pt.
 [6 <./images/ccd_and_cmos_sensors_210w.png (PNG copy)>] [7 <./images/irfiltwhe
el_Hubble.jpg> <./images/Chandra-Compo-Images.jpg> <./images/Chandra-Composed-I
mages.jpg>]
<images/amateur_transit_detection_Schmidt_Cassegrain_765_510pixCCD.jpg, id=44, 
373.58928pt x 279.75484pt>
File: images/amateur_transit_detection_Schmidt_Cassegrain_765_510pixCCD.jpg Gra
phic file (type jpg)

<use images/amateur_transit_detection_Schmidt_Cassegrain_765_510pixCCD.jpg>
Package pdftex.def Info: images/amateur_transit_detection_Schmidt_Cassegrain_76
5_510pixCCD.jpg used on input line 199.
(pdftex.def)             Requested size: 253.49762pt x 189.82951pt.


LaTeX Warning: `!h' float specifier changed to `!ht'.

[8] [9 <./images/amateur_transit_detection_Schmidt_Cassegrain_765_510pixCCD.jpg
>]
LaTeX Font Info:    Try loading font information for U+euf on input line 224.
 (/usr/share/texlive/texmf-dist/tex/latex/amsfonts/ueuf.fd
File: ueuf.fd 2013/01/14 v3.01 Euler Fraktur
)
<images/PSF-explicada.jpg, id=52, 401.5pt x 228.855pt>
File: images/PSF-explicada.jpg Graphic file (type jpg)

<use images/PSF-explicada.jpg>
Package pdftex.def Info: images/PSF-explicada.jpg used on input line 254.
(pdftex.def)             Requested size: 312.00119pt x 177.85316pt.

Underfull \hbox (badness 10000) in paragraph at lines 258--265

 []

[10] <images/twoGalaxyHalo.jpg, id=60, 256.96pt x 230.8625pt>
File: images/twoGalaxyHalo.jpg Graphic file (type jpg)

<use images/twoGalaxyHalo.jpg>
Package pdftex.def Info: images/twoGalaxyHalo.jpg used on input line 274.
(pdftex.def)             Requested size: 155.99762pt x 140.1566pt.
 <images/star.jpg, id=61, 321.2pt x 285.065pt>
File: images/star.jpg Graphic file (type jpg)

<use images/star.jpg>
Package pdftex.def Info: images/star.jpg used on input line 284.
(pdftex.def)             Requested size: 155.99762pt x 138.45209pt.

<images/EsquemaHubble.jpg, id=62, 376.40625pt x 311.1625pt>
File: images/EsquemaHubble.jpg Graphic file (type jpg)

<use images/EsquemaHubble.jpg>
Package pdftex.def Info: images/EsquemaHubble.jpg used on input line 294.
(pdftex.def)             Requested size: 272.99881pt x 225.69386pt.
 [11 <./images/PSF-explicada.jpg>] [12 <./images/twoGalaxyHalo.jpg> <./images/s
tar.jpg>]
Underfull \hbox (badness 10000) in paragraph at lines 314--316

 []

[13 <./images/EsquemaHubble.jpg>]
Underfull \hbox (badness 10000) in paragraph at lines 333--334

 []

[14] [15]
Underfull \hbox (badness 10000) in paragraph at lines 359--362

 []

[16]
Underfull \hbox (badness 10000) in paragraph at lines 371--374

 []

<images/HDREQ/chandraLineal.PNG, id=82, 466.74374pt x 410.2828pt>
File: images/HDREQ/chandraLineal.PNG Graphic file (type png)

<use images/HDREQ/chandraLineal.PNG>
Package pdftex.def Info: images/HDREQ/chandraLineal.PNG used on input line 378.

(pdftex.def)             Requested size: 195.0pt x 171.40984pt.

<images/HDREQ/chandraSqrt.PNG, id=83, 466.74374pt x 410.2828pt>
File: images/HDREQ/chandraSqrt.PNG Graphic file (type png)

<use images/HDREQ/chandraSqrt.PNG>
Package pdftex.def Info: images/HDREQ/chandraSqrt.PNG used on input line 388.
(pdftex.def)             Requested size: 195.0pt x 171.40984pt.

<images/HDREQ/chandraLog.PNG, id=84, 468.24937pt x 411.78844pt>
File: images/HDREQ/chandraLog.PNG Graphic file (type png)

<use images/HDREQ/chandraLog.PNG>
Package pdftex.def Info: images/HDREQ/chandraLog.PNG used on input line 399.
(pdftex.def)             Requested size: 195.0pt x 171.48593pt.

<images/HDREQ/chandraPow1_5.PNG, id=85, 465.99094pt x 411.03563pt>
File: images/HDREQ/chandraPow1_5.PNG Graphic file (type png)

<use images/HDREQ/chandraPow1_5.PNG>
Package pdftex.def Info: images/HDREQ/chandraPow1_5.PNG used on input line 412.

(pdftex.def)             Requested size: 136.50238pt x 120.40147pt.
 [17 <./images/HDREQ/chandraLineal.PNG>]
<images/HDREQ/chandraaSinH_0_5.jpg, id=93, 623.32875pt x 546.04pt>
File: images/HDREQ/chandraaSinH_0_5.jpg Graphic file (type jpg)

<use images/HDREQ/chandraaSinH_0_5.jpg>
Package pdftex.def Info: images/HDREQ/chandraaSinH_0_5.jpg used on input line 4
26.
(pdftex.def)             Requested size: 195.0pt x 170.82037pt.

<images/HDREQ/chandraaSinH_5.PNG, id=94, 467.49657pt x 411.03563pt>
File: images/HDREQ/chandraaSinH_5.PNG Graphic file (type png)

<use images/HDREQ/chandraaSinH_5.PNG>
Package pdftex.def Info: images/HDREQ/chandraaSinH_5.PNG used on input line 431
.
(pdftex.def)             Requested size: 195.0pt x 171.4484pt.
 [18 <./images/HDREQ/chandraSqrt.PNG> <./images/HDREQ/chandraLog.PNG>]
<images/HDREQ/chandraaHistEq.PNG, id=101, 465.99094pt x 409.53pt>
File: images/HDREQ/chandraaHistEq.PNG Graphic file (type png)

<use images/HDREQ/chandraaHistEq.PNG>
Package pdftex.def Info: images/HDREQ/chandraaHistEq.PNG used on input line 439
.
(pdftex.def)             Requested size: 155.99762pt x 137.09497pt.
 [19 <./images/HDREQ/chandraPow1_5.PNG> <./images/HDREQ/chandraaSinH_0_5.jpg>]
Underfull \hbox (badness 10000) in paragraph at lines 445--449

 []

[20 <./images/HDREQ/chandraaSinH_5.PNG> <./images/HDREQ/chandraaHistEq.PNG>]
<images/removeBadPointsComparation.PNG, id=112, 1342.01375pt x 670.505pt>
File: images/removeBadPointsComparation.PNG Graphic file (type png)

<use images/removeBadPointsComparation.PNG>
Package pdftex.def Info: images/removeBadPointsComparation.PNG used on input li
ne 456.
(pdftex.def)             Requested size: 350.99762pt x 175.36052pt.

<images/removeBadPointsDiference.PNG, id=113, 667.49374pt x 670.505pt>
File: images/removeBadPointsDiference.PNG Graphic file (type png)

<use images/removeBadPointsDiference.PNG>
Package pdftex.def Info: images/removeBadPointsDiference.PNG used on input line
 462.
(pdftex.def)             Requested size: 175.49881pt x 176.29155pt.
 [21 <./images/removeBadPointsComparation.PNG>]
<images/galaxiCenterFromImage_01_ERROR.png, id=118, 602.25pt x 375.65344pt>
File: images/galaxiCenterFromImage_01_ERROR.png Graphic file (type png)

<use images/galaxiCenterFromImage_01_ERROR.png>
Package pdftex.def Info: images/galaxiCenterFromImage_01_ERROR.png used on inpu
t line 481.
(pdftex.def)             Requested size: 195.0pt x 121.63309pt.

<images/galaxiCenterFromImage_02_Blur.png, id=119, 602.25pt x 376.40625pt>
File: images/galaxiCenterFromImage_02_Blur.png Graphic file (type png)

<use images/galaxiCenterFromImage_02_Blur.png>
Package pdftex.def Info: images/galaxiCenterFromImage_02_Blur.png used on input
 line 486.
(pdftex.def)             Requested size: 195.0pt x 121.87683pt.

<images/galaxiCenterFromImage_03_Correct.png, id=120, 601.4972pt x 377.15906pt>
File: images/galaxiCenterFromImage_03_Correct.png Graphic file (type png)
<use images/galaxiCenterFromImage_03_Correct.png>
Package pdftex.def Info: images/galaxiCenterFromImage_03_Correct.png used on in
put line 491.
(pdftex.def)             Requested size: 195.0pt x 122.27022pt.
 [22 <./images/removeBadPointsDiference.PNG>]

LaTeX Warning: Text page 23 contains only floats.

[23 <./images/galaxiCenterFromImage_01_ERROR.png> <./images/galaxiCenterFromIma
ge_02_Blur.png> <./images/galaxiCenterFromImage_03_Correct.png>]
Underfull \hbox (badness 10000) in paragraph at lines 500--511

 []


Underfull \hbox (badness 10000) in paragraph at lines 500--511

 []


Underfull \hbox (badness 10000) in paragraph at lines 500--511

 []


Underfull \hbox (badness 10000) in paragraph at lines 500--511

 []

<images/tfg2016pipeline1.jpg, id=131, 1299.85625pt x 625.33624pt>
File: images/tfg2016pipeline1.jpg Graphic file (type jpg)

<use images/tfg2016pipeline1.jpg>
Package pdftex.def Info: images/tfg2016pipeline1.jpg used on input line 518.
(pdftex.def)             Requested size: 390.0pt x 187.6214pt.

<images/tfg2016algoritmos_de_catalogaci_n.jpg, id=132, 1279.78125pt x 1164.35pt
>
File: images/tfg2016algoritmos_de_catalogaci_n.jpg Graphic file (type jpg)
 <use images/tfg2016algoritmos_de_catalogaci_n.jpg>
Package pdftex.def Info: images/tfg2016algoritmos_de_catalogaci_n.jpg used on i
nput line 527.
(pdftex.def)             Requested size: 390.0pt x 354.81532pt.

<images/GUI.jpg, id=133, 1006.76125pt x 783.92876pt>
File: images/GUI.jpg Graphic file (type jpg)
 <use images/GUI.jpg>
Package pdftex.def Info: images/GUI.jpg used on input line 540.
(pdftex.def)             Requested size: 390.0pt x 303.67355pt.

[24] [25 <./images/tfg2016pipeline1.jpg>] [26 <./images/tfg2016algoritmos_de_ca
talogaci_n.jpg>] [27 <./images/GUI.jpg>]
Underfull \hbox (badness 10000) in paragraph at lines 553--557

 []

<images/nebulaMembrana2.jpg, id=149, 1003.75pt x 473.77pt>
File: images/nebulaMembrana2.jpg Graphic file (type jpg)

<use images/nebulaMembrana2.jpg>
Package pdftex.def Info: images/nebulaMembrana2.jpg used on input line 569.
(pdftex.def)             Requested size: 350.99762pt x 165.67017pt.
 [28

]
Underfull \hbox (badness 10000) in paragraph at lines 579--586

 []


Underfull \hbox (badness 10000) in paragraph at lines 579--586

 []


Underfull \hbox (badness 10000) in paragraph at lines 579--586

 []


Underfull \hbox (badness 10000) in paragraph at lines 579--586

 []


Underfull \hbox (badness 10000) in paragraph at lines 579--586

 []

[29 <./images/nebulaMembrana2.jpg>] [30] (./tfgVRG.aux
LaTeX Info: Redefining \. on input line 6.
LaTeX Info: Redefining \% on input line 6.
LaTeX Info: Redefining \. on input line 14.
LaTeX Info: Redefining \% on input line 14.
) ) 
Here is how much of TeX's memory you used:
 12750 strings out of 493029
 230222 string characters out of 6136234
 288437 words of memory out of 5000000
 15963 multiletter control sequences out of 15000+600000
 13856 words of font info for 52 fonts, out of 8000000 for 9000
 1141 hyphenation exceptions out of 8191
 63i,7n,57p,671b,590s stack positions out of 5000i,500n,10000p,200000b,80000s
</usr/share/texlive/texmf-dist/fonts/type1/public/amsfonts/cm/cmbx10.pfb></u
sr/share/texlive/texmf-dist/fonts/type1/public/amsfonts/cm/cmbx12.pfb></usr/sha
re/texlive/texmf-dist/fonts/type1/public/amsfonts/cm/cmcsc10.pfb></usr/share/te
xlive/texmf-dist/fonts/type1/public/amsfonts/cmextra/cmex8.pfb></usr/share/texl
ive/texmf-dist/fonts/type1/public/amsfonts/cm/cmmi12.pfb></usr/share/texlive/te
xmf-dist/fonts/type1/public/amsfonts/cm/cmmi5.pfb></usr/share/texlive/texmf-dis
t/fonts/type1/public/amsfonts/cm/cmmi6.pfb></usr/share/texlive/texmf-dist/fonts
/type1/public/amsfonts/cm/cmmi8.pfb></usr/share/texlive/texmf-dist/fonts/type1/
public/amsfonts/cm/cmr10.pfb></usr/share/texlive/texmf-dist/fonts/type1/public/
amsfonts/cm/cmr12.pfb></usr/share/texlive/texmf-dist/fonts/type1/public/amsfont
s/cm/cmr6.pfb></usr/share/texlive/texmf-dist/fonts/type1/public/amsfonts/cm/cmr
8.pfb></usr/share/texlive/texmf-dist/fonts/type1/public/amsfonts/cm/cmsy10.pfb>
</usr/share/texlive/texmf-dist/fonts/type1/public/amsfonts/cm/cmsy6.pfb></usr/s
hare/texlive/texmf-dist/fonts/type1/public/amsfonts/cm/cmsy8.pfb></usr/share/te
xlive/texmf-dist/fonts/type1/public/amsfonts/cm/cmti12.pfb></usr/share/texlive/
texmf-dist/fonts/type1/public/amsfonts/euler/eufm10.pfb>
Output written on tfgVRG.pdf (31 pages, 4005595 bytes).
PDF statistics:
 215 PDF objects out of 1000 (max. 8388607)
 125 compressed objects within 2 object streams
 0 named destinations out of 1000 (max. 500000)
 143 words of extra memory for PDF output out of 10000 (max. 10000000)

